This file contains any messages produced by compilers while
running configure, to aid debugging if configure makes a mistake.

It was created by libusb-1.0 configure 1.0.26, which was
generated by GNU Autoconf 2.71.  Invocation command line was

  $ /Volumes/projects/libusb-package/src/libusb/configure

## --------- ##
## Platform. ##
## --------- ##

hostname = seroquel.local
uname -m = x86_64
uname -r = 21.6.0
uname -s = Darwin
uname -v = Darwin Kernel Version 21.6.0: Thu Sep 29 20:12:57 PDT 2022; root:xnu-8020.240.7~1/RELEASE_X86_64

/usr/bin/uname -p = i386
/bin/uname -X     = unknown

/bin/arch              = unknown
/usr/bin/arch -k       = unknown
/usr/convex/getsysinfo = unknown
/usr/bin/hostinfo      = Mach kernel version:
	 Darwin Kernel Version 21.6.0: Thu Sep 29 20:12:57 PDT 2022; root:xnu-8020.240.7~1/RELEASE_X86_64
Kernel configured for up to 12 processors.
6 processors are physically available.
12 processors are logically available.
Processor type: x86_64h (Intel x86-64h Haswell)
Processors active: 0 1 2 3 4 5 6 7 8 9 10 11
Primary memory available: 32.00 gigabytes
Default processor set: 688 tasks, 2781 threads, 12 processors
Load average: 6.78, Mach factor: 5.23
/bin/machine           = unknown
/usr/bin/oslevel       = unknown
/bin/universe          = unknown

PATH: /private/var/folders/9m/z2f2dps15gzdk344qlwrv2nm0000gn/T/pip-build-env-i_p459g9/overlay/bin/
PATH: /private/var/folders/9m/z2f2dps15gzdk344qlwrv2nm0000gn/T/pip-build-env-i_p459g9/normal/bin/
PATH: /Volumes/projects/pyOCD-flit/venv/m3111/bin/
PATH: /Users/creed/.pyenv/shims/
PATH: /opt/doctool/bin/
PATH: /Users/creed/.gem/ruby/2.7.0/bin/
PATH: /usr/local/lib/ruby/gems/2.7.0/bin/
PATH: /usr/local/opt/ruby@2.7/bin/
PATH: /Users/creed/.cargo/bin/
PATH: /opt/gcc-arm-none-eabi-10.3-2021.10/bin/
PATH: /Users/creed/.local/bin/
PATH: /usr/local/bin/
PATH: /usr/local/sbin/
PATH: /usr/local/bin/
PATH: /usr/bin/
PATH: /bin/
PATH: /usr/sbin/
PATH: /sbin/
PATH: /Applications/VMware Fusion.app/Contents/Public/
PATH: /usr/local/MacGPG2/bin/
PATH: /opt/X11/bin/
PATH: /Library/Apple/usr/bin/
PATH: /Library/Frameworks/Mono.framework/Versions/Current/Commands/


## ----------- ##
## Core tests. ##
## ----------- ##

configure:2904: looking for aux files: config.guess config.sub ltmain.sh missing install-sh compile
configure:2917:  trying ./
configure:2946:   ./config.guess found
configure:2946:   ./config.sub found
configure:2946:   ./ltmain.sh found
configure:2946:   ./missing found
configure:2928:   ./install-sh found
configure:2946:   ./compile found
configure:3123: checking for gcc
configure:3144: found /usr/bin/gcc
configure:3155: result: gcc
configure:3508: checking for C compiler version
configure:3517: gcc --version >&5
Apple clang version 14.0.0 (clang-1400.0.29.202)
Target: x86_64-apple-darwin21.6.0
Thread model: posix
InstalledDir: /Applications/Xcode.app/Contents/Developer/Toolchains/XcodeDefault.xctoolchain/usr/bin
configure:3528: $? = 0
configure:3517: gcc -v >&5
Apple clang version 14.0.0 (clang-1400.0.29.202)
Target: x86_64-apple-darwin21.6.0
Thread model: posix
InstalledDir: /Applications/Xcode.app/Contents/Developer/Toolchains/XcodeDefault.xctoolchain/usr/bin
configure:3528: $? = 0
configure:3517: gcc -V >&5
clang: error: argument to '-V' is missing (expected 1 value)
clang: error: no input files
configure:3528: $? = 1
configure:3517: gcc -qversion >&5
clang: error: unknown argument '-qversion'; did you mean '--version'?
clang: error: no input files
configure:3528: $? = 1
configure:3517: gcc -version >&5
clang: error: unknown argument '-version'; did you mean '--version'?
clang: error: no input files
configure:3528: $? = 1
configure:3548: checking whether the C compiler works
configure:3570: gcc -O2 -Winline -Wmissing-include-dirs -Wnested-externs -Wpointer-arith -Wredundant-decls -Wswitch-enum   conftest.c  >&5
configure:3574: $? = 0
configure:3624: result: yes
configure:3627: checking for C compiler default output file name
configure:3629: result: a.out
configure:3635: checking for suffix of executables
configure:3642: gcc -o conftest -O2 -Winline -Wmissing-include-dirs -Wnested-externs -Wpointer-arith -Wredundant-decls -Wswitch-enum   conftest.c  >&5
configure:3646: $? = 0
configure:3669: result: 
configure:3691: checking whether we are cross compiling
configure:3699: gcc -o conftest -O2 -Winline -Wmissing-include-dirs -Wnested-externs -Wpointer-arith -Wredundant-decls -Wswitch-enum   conftest.c  >&5
configure:3703: $? = 0
configure:3710: ./conftest
configure:3714: $? = 0
configure:3729: result: no
configure:3734: checking for suffix of object files
configure:3757: gcc -c -O2 -Winline -Wmissing-include-dirs -Wnested-externs -Wpointer-arith -Wredundant-decls -Wswitch-enum  conftest.c >&5
configure:3761: $? = 0
configure:3783: result: o
configure:3787: checking whether the compiler supports GNU C
configure:3807: gcc -c -O2 -Winline -Wmissing-include-dirs -Wnested-externs -Wpointer-arith -Wredundant-decls -Wswitch-enum  conftest.c >&5
configure:3807: $? = 0
configure:3817: result: yes
configure:3828: checking whether gcc accepts -g
configure:3849: gcc -c -g  conftest.c >&5
configure:3849: $? = 0
configure:3893: result: yes
configure:3913: checking for gcc option to enable C11 features
configure:3928: gcc  -c -O2 -Winline -Wmissing-include-dirs -Wnested-externs -Wpointer-arith -Wredundant-decls -Wswitch-enum  conftest.c >&5
configure:3928: $? = 0
configure:3946: result: none needed
configure:4067: checking whether gcc understands -c and -o together
configure:4090: gcc -c conftest.c -o conftest2.o
configure:4093: $? = 0
configure:4090: gcc -c conftest.c -o conftest2.o
configure:4093: $? = 0
configure:4105: result: yes
configure:4191: checking for g++
configure:4212: found /usr/bin/g++
configure:4223: result: g++
configure:4250: checking for C++ compiler version
configure:4259: g++ --version >&5
Apple clang version 14.0.0 (clang-1400.0.29.202)
Target: x86_64-apple-darwin21.6.0
Thread model: posix
InstalledDir: /Applications/Xcode.app/Contents/Developer/Toolchains/XcodeDefault.xctoolchain/usr/bin
configure:4270: $? = 0
configure:4259: g++ -v >&5
Apple clang version 14.0.0 (clang-1400.0.29.202)
Target: x86_64-apple-darwin21.6.0
Thread model: posix
InstalledDir: /Applications/Xcode.app/Contents/Developer/Toolchains/XcodeDefault.xctoolchain/usr/bin
configure:4270: $? = 0
configure:4259: g++ -V >&5
clang: error: argument to '-V' is missing (expected 1 value)
clang: error: no input files
configure:4270: $? = 1
configure:4259: g++ -qversion >&5
clang: error: unknown argument '-qversion'; did you mean '--version'?
clang: error: no input files
configure:4270: $? = 1
configure:4274: checking whether the compiler supports GNU C++
configure:4294: g++ -c   conftest.cpp >&5
configure:4294: $? = 0
configure:4304: result: yes
configure:4315: checking whether g++ accepts -g
configure:4336: g++ -c -g  conftest.cpp >&5
configure:4336: $? = 0
configure:4380: result: yes
configure:4400: checking for g++ option to enable C++11 features
configure:4415: g++  -c -g -O2  conftest.cpp >&5
conftest.cpp:55:3: error: "Compiler does not advertise C++11 conformance"
# error "Compiler does not advertise C++11 conformance"
  ^
conftest.cpp:60:3: error: unknown type name 'constexpr'
  constexpr int get_val() { return 20; }
  ^
conftest.cpp:72:17: error: delegating constructors are permitted only in C++11
    delegate(): delegate(2354) {}
                ^~~~~~~~
conftest.cpp:83:26: warning: 'override' keyword is a C++11 extension [-Wc++11-extensions]
    virtual int getval() override final { return this->n * 2; }
                         ^
conftest.cpp:83:35: warning: 'final' keyword is a C++11 extension [-Wc++11-extensions]
    virtual int getval() override final { return this->n * 2; }
                                  ^
conftest.cpp:90:16: warning: defaulted function definitions are a C++11 extension [-Wc++11-extensions]
    nocopy() = default;
               ^
conftest.cpp:91:29: warning: deleted function definitions are a C++11 extension [-Wc++11-extensions]
    nocopy(const nocopy&) = delete;
                            ^
conftest.cpp:92:41: warning: deleted function definitions are a C++11 extension [-Wc++11-extensions]
    nocopy & operator=(const nocopy&) = delete;
                                        ^
conftest.cpp:104:25: warning: 'auto' type specifier is a C++11 extension [-Wc++11-extensions]
  template <typename V> auto sum(V first) -> V
                        ^
conftest.cpp:104:25: error: 'auto' not allowed in function return type
  template <typename V> auto sum(V first) -> V
                        ^~~~
conftest.cpp:104:42: error: expected ';' at end of declaration
  template <typename V> auto sum(V first) -> V
                                         ^
                                         ;
conftest.cpp:104:43: error: cannot use arrow operator on a type
  template <typename V> auto sum(V first) -> V
                                          ^
conftest.cpp:108:33: warning: variadic templates are a C++11 extension [-Wc++11-extensions]
  template <typename V, typename... Args> auto sum(V first, Args... rest) -> V
                                ^
conftest.cpp:108:43: warning: 'auto' type specifier is a C++11 extension [-Wc++11-extensions]
  template <typename V, typename... Args> auto sum(V first, Args... rest) -> V
                                          ^
conftest.cpp:108:43: error: 'auto' not allowed in function return type
  template <typename V, typename... Args> auto sum(V first, Args... rest) -> V
                                          ^~~~
conftest.cpp:108:74: error: expected ';' at end of declaration
  template <typename V, typename... Args> auto sum(V first, Args... rest) -> V
                                                                         ^
                                                                         ;
conftest.cpp:108:75: error: cannot use arrow operator on a type
  template <typename V, typename... Args> auto sum(V first, Args... rest) -> V
                                                                          ^
conftest.cpp:132:3: warning: 'auto' type specifier is a C++11 extension [-Wc++11-extensions]
  auto a1 = 6538;
  ^
conftest.cpp:133:3: warning: 'auto' type specifier is a C++11 extension [-Wc++11-extensions]
  auto a2 = 48573953.4;
  ^
conftest.cpp:134:3: warning: 'auto' type specifier is a C++11 extension [-Wc++11-extensions]
  auto a3 = "String literal";
  ^
conftest.cpp:137:8: warning: 'auto' type specifier is a C++11 extension [-Wc++11-extensions]
  for (auto i = a3; *i; ++i) { total += *i; }
       ^
conftest.cpp:153:8: warning: 'auto' type specifier is a C++11 extension [-Wc++11-extensions]
  for (auto &x : array) { x += 23; }
       ^
conftest.cpp:153:16: warning: range-based for loop is a C++11 extension [-Wc++11-extensions]
  for (auto &x : array) { x += 23; }
               ^
conftest.cpp:158:17: error: expected expression
  assert (eval ([](int x) { return x*2; }, 21) == 42);
                ^
conftest.cpp:160:17: error: expected expression
  assert (eval ([&](double x) { return d += x; }, 3.0) == 5.0);
                ^
conftest.cpp:162:17: error: expected expression
  assert (eval ([=](double x) mutable { return d += x; }, 4.0) == 9.0);
                ^
conftest.cpp:168:3: warning: 'auto' type specifier is a C++11 extension [-Wc++11-extensions]
  auto a = sum(1);
  ^
conftest.cpp:168:12: error: no matching function for call to 'sum'
  auto a = sum(1);
           ^~~
conftest.cpp:169:3: warning: 'auto' type specifier is a C++11 extension [-Wc++11-extensions]
  auto b = sum(1, 2);
  ^
conftest.cpp:169:12: error: no matching function for call to 'sum'
  auto b = sum(1, 2);
           ^~~
conftest.cpp:170:3: warning: 'auto' type specifier is a C++11 extension [-Wc++11-extensions]
  auto c = sum(1.0, 2.0, 3.0);
  ^
conftest.cpp:170:12: error: no matching function for call to 'sum'
  auto c = sum(1.0, 2.0, 3.0);
           ^~~
conftest.cpp:175:25: warning: empty parentheses interpreted as a function declaration [-Wvexing-parse]
  cxx11test::delegate d2();
                        ^~
conftest.cpp:175:25: note: remove parentheses to declare a variable
  cxx11test::delegate d2();
                        ^~
conftest.cpp:188:16: error: found '<::' after a template name which forms the digraph '<:' (aka '[') and a ':', did you mean '< ::'?
  test_template<::test_template<int>> v(test_template<int>(12));
               ^~~
               < ::
conftest.cpp:188:36: error: a space is required between consecutive right angle brackets (use '> >')
  test_template<::test_template<int>> v(test_template<int>(12));
                                   ^~
                                   > >
conftest.cpp:192:22: error: use of undeclared identifier 'u8'
  char const *utf8 = u8"UTF-8 string \u2500";
                     ^
conftest.cpp:192:24: error: expected ';' at end of declaration
  char const *utf8 = u8"UTF-8 string \u2500";
                       ^
                       ;
fatal error: too many errors emitted, stopping now [-ferror-limit=]
18 warnings and 20 errors generated.
configure:4415: $? = 1
configure: failed program was:
| /* confdefs.h */
| #define PACKAGE_NAME "libusb-1.0"
| #define PACKAGE_TARNAME "libusb-1.0"
| #define PACKAGE_VERSION "1.0.26"
| #define PACKAGE_STRING "libusb-1.0 1.0.26"
| #define PACKAGE_BUGREPORT "libusb-devel@lists.sourceforge.net"
| #define PACKAGE_URL "http://libusb.info"
| /* end confdefs.h.  */
| 
| // Does the compiler advertise C++98 conformance?
| #if !defined __cplusplus || __cplusplus < 199711L
| # error "Compiler does not advertise C++98 conformance"
| #endif
| 
| // These inclusions are to reject old compilers that
| // lack the unsuffixed header files.
| #include <cstdlib>
| #include <exception>
| 
| // <cassert> and <cstring> are *not* freestanding headers in C++98.
| extern void assert (int);
| namespace std {
|   extern int strcmp (const char *, const char *);
| }
| 
| // Namespaces, exceptions, and templates were all added after "C++ 2.0".
| using std::exception;
| using std::strcmp;
| 
| namespace {
| 
| void test_exception_syntax()
| {
|   try {
|     throw "test";
|   } catch (const char *s) {
|     // Extra parentheses suppress a warning when building autoconf itself,
|     // due to lint rules shared with more typical C programs.
|     assert (!(strcmp) (s, "test"));
|   }
| }
| 
| template <typename T> struct test_template
| {
|   T const val;
|   explicit test_template(T t) : val(t) {}
|   template <typename U> T add(U u) { return static_cast<T>(u) + val; }
| };
| 
| } // anonymous namespace
| 
| 
| // Does the compiler advertise C++ 2011 conformance?
| #if !defined __cplusplus || __cplusplus < 201103L
| # error "Compiler does not advertise C++11 conformance"
| #endif
| 
| namespace cxx11test
| {
|   constexpr int get_val() { return 20; }
| 
|   struct testinit
|   {
|     int i;
|     double d;
|   };
| 
|   class delegate
|   {
|   public:
|     delegate(int n) : n(n) {}
|     delegate(): delegate(2354) {}
| 
|     virtual int getval() { return this->n; };
|   protected:
|     int n;
|   };
| 
|   class overridden : public delegate
|   {
|   public:
|     overridden(int n): delegate(n) {}
|     virtual int getval() override final { return this->n * 2; }
|   };
| 
|   class nocopy
|   {
|   public:
|     nocopy(int i): i(i) {}
|     nocopy() = default;
|     nocopy(const nocopy&) = delete;
|     nocopy & operator=(const nocopy&) = delete;
|   private:
|     int i;
|   };
| 
|   // for testing lambda expressions
|   template <typename Ret, typename Fn> Ret eval(Fn f, Ret v)
|   {
|     return f(v);
|   }
| 
|   // for testing variadic templates and trailing return types
|   template <typename V> auto sum(V first) -> V
|   {
|     return first;
|   }
|   template <typename V, typename... Args> auto sum(V first, Args... rest) -> V
|   {
|     return first + sum(rest...);
|   }
| }
| 
| 
| int
| main (int argc, char **argv)
| {
|   int ok = 0;
|   
|   assert (argc);
|   assert (! argv[0]);
| {
|   test_exception_syntax ();
|   test_template<double> tt (2.0);
|   assert (tt.add (4) == 6.0);
|   assert (true && !false);
| }
| 
|   
| {
|   // Test auto and decltype
|   auto a1 = 6538;
|   auto a2 = 48573953.4;
|   auto a3 = "String literal";
| 
|   int total = 0;
|   for (auto i = a3; *i; ++i) { total += *i; }
| 
|   decltype(a2) a4 = 34895.034;
| }
| {
|   // Test constexpr
|   short sa[cxx11test::get_val()] = { 0 };
| }
| {
|   // Test initializer lists
|   cxx11test::testinit il = { 4323, 435234.23544 };
| }
| {
|   // Test range-based for
|   int array[] = {9, 7, 13, 15, 4, 18, 12, 10, 5, 3,
|                  14, 19, 17, 8, 6, 20, 16, 2, 11, 1};
|   for (auto &x : array) { x += 23; }
| }
| {
|   // Test lambda expressions
|   using cxx11test::eval;
|   assert (eval ([](int x) { return x*2; }, 21) == 42);
|   double d = 2.0;
|   assert (eval ([&](double x) { return d += x; }, 3.0) == 5.0);
|   assert (d == 5.0);
|   assert (eval ([=](double x) mutable { return d += x; }, 4.0) == 9.0);
|   assert (d == 5.0);
| }
| {
|   // Test use of variadic templates
|   using cxx11test::sum;
|   auto a = sum(1);
|   auto b = sum(1, 2);
|   auto c = sum(1.0, 2.0, 3.0);
| }
| {
|   // Test constructor delegation
|   cxx11test::delegate d1;
|   cxx11test::delegate d2();
|   cxx11test::delegate d3(45);
| }
| {
|   // Test override and final
|   cxx11test::overridden o1(55464);
| }
| {
|   // Test nullptr
|   char *c = nullptr;
| }
| {
|   // Test template brackets
|   test_template<::test_template<int>> v(test_template<int>(12));
| }
| {
|   // Unicode literals
|   char const *utf8 = u8"UTF-8 string \u2500";
|   char16_t const *utf16 = u"UTF-8 string \u2500";
|   char32_t const *utf32 = U"UTF-32 string \u2500";
| }
| 
|   return ok;
| }
| 
configure:4433: result: none needed
configure:4498: checking for inline
configure:4515: gcc -c -O2 -Winline -Wmissing-include-dirs -Wnested-externs -Wpointer-arith -Wredundant-decls -Wswitch-enum  conftest.c >&5
configure:4515: $? = 0
configure:4524: result: inline
configure:4559: checking for a BSD-compatible install
configure:4632: result: /usr/local/bin/ginstall -c
configure:4643: checking whether build environment is sane
configure:4698: result: yes
configure:4853: checking for a race-free mkdir -p
configure:4897: result: /usr/local/bin/gmkdir -p
configure:4904: checking for gawk
configure:4939: result: no
configure:4904: checking for mawk
configure:4939: result: no
configure:4904: checking for nawk
configure:4939: result: no
configure:4904: checking for awk
configure:4925: found /usr/bin/awk
configure:4936: result: awk
configure:4947: checking whether make sets $(MAKE)
configure:4970: result: yes
configure:4992: checking whether make supports the include directive
configure:5007: make -f confmf.GNU && cat confinc.out
this is the am__doit target
configure:5010: $? = 0
configure:5029: result: yes (GNU style)
configure:5064: checking whether make supports nested variables
configure:5082: result: yes
configure:5163: checking dependency style of gcc
configure:5275: result: gcc3
configure:5292: checking dependency style of g++
configure:5404: result: gcc3
configure:5508: checking build system type
configure:5523: result: x86_64-apple-darwin21.6.0
configure:5543: checking host system type
configure:5557: result: x86_64-apple-darwin21.6.0
configure:5598: checking how to print strings
configure:5625: result: printf
configure:5646: checking for a sed that does not truncate output
configure:5716: result: /usr/local/bin/gsed
configure:5734: checking for grep that handles long lines and -e
configure:5798: result: /usr/local/bin/ggrep
configure:5803: checking for egrep
configure:5871: result: /usr/local/bin/ggrep -E
configure:5876: checking for fgrep
configure:5944: result: /usr/local/bin/ggrep -F
configure:5980: checking for ld used by gcc
configure:6048: result: /Applications/Xcode.app/Contents/Developer/Toolchains/XcodeDefault.xctoolchain/usr/bin/ld
configure:6055: checking if the linker (/Applications/Xcode.app/Contents/Developer/Toolchains/XcodeDefault.xctoolchain/usr/bin/ld) is GNU ld
configure:6071: result: no
configure:6083: checking for BSD- or MS-compatible name lister (nm)
configure:6138: result: /usr/bin/nm -B
configure:6278: checking the name lister (/usr/bin/nm -B) interface
configure:6286: gcc -c -O2 -Winline -Wmissing-include-dirs -Wnested-externs -Wpointer-arith -Wredundant-decls -Wswitch-enum  conftest.c >&5
configure:6289: /usr/bin/nm -B "conftest.o"
configure:6292: output
0000000000000000 S _some_variable
configure:6299: result: BSD nm
configure:6302: checking whether ln -s works
configure:6306: result: yes
configure:6314: checking the maximum length of command line arguments
configure:6446: result: 786432
configure:6494: checking how to convert x86_64-apple-darwin21.6.0 file names to x86_64-apple-darwin21.6.0 format
configure:6535: result: func_convert_file_noop
configure:6542: checking how to convert x86_64-apple-darwin21.6.0 file names to toolchain format
configure:6563: result: func_convert_file_noop
configure:6570: checking for /Applications/Xcode.app/Contents/Developer/Toolchains/XcodeDefault.xctoolchain/usr/bin/ld option to reload object files
configure:6578: result: -r
configure:6657: checking for file
configure:6678: found /usr/bin/file
configure:6689: result: file
configure:6765: checking for objdump
configure:6786: found /usr/bin/objdump
configure:6797: result: objdump
configure:6829: checking how to recognize dependent libraries
configure:7030: result: pass_all
configure:7120: checking for dlltool
configure:7155: result: no
configure:7185: checking how to associate runtime and link libraries
configure:7213: result: printf %s\n
configure:7278: checking for ar
configure:7299: found /usr/bin/ar
configure:7310: result: ar
configure:7363: checking for archiver @FILE support
configure:7381: gcc -c -O2 -Winline -Wmissing-include-dirs -Wnested-externs -Wpointer-arith -Wredundant-decls -Wswitch-enum  conftest.c >&5
configure:7381: $? = 0
configure:7385: ar cr libconftest.a @conftest.lst >&5
ar: @conftest.lst: No such file or directory
configure:7388: $? = 1
configure:7408: result: no
configure:7471: checking for strip
configure:7492: found /usr/bin/strip
configure:7503: result: strip
configure:7580: checking for ranlib
configure:7601: found /usr/bin/ranlib
configure:7612: result: ranlib
configure:7714: checking command to parse /usr/bin/nm -B output from gcc object
configure:7868: gcc -c -O2 -Winline -Wmissing-include-dirs -Wnested-externs -Wpointer-arith -Wredundant-decls -Wswitch-enum  conftest.c >&5
configure:7871: $? = 0
configure:7875: /usr/bin/nm -B conftest.o \| /usr/local/bin/gsed -n -e 's/^.*[ ]\([ABCDGIRSTW][ABCDGIRSTW]*\)[ ][ ]*\([_A-Za-z][_A-Za-z0-9]*\)$/\1 \2 \2/p' | /usr/local/bin/gsed '/ __gnu_lto/d' \> conftest.nm
configure:7878: $? = 0
cannot find nm_test_var in conftest.nm
configure:7868: gcc -c -O2 -Winline -Wmissing-include-dirs -Wnested-externs -Wpointer-arith -Wredundant-decls -Wswitch-enum  conftest.c >&5
configure:7871: $? = 0
configure:7875: /usr/bin/nm -B conftest.o \| /usr/local/bin/gsed -n -e 's/^.*[ ]\([ABCDGIRSTW][ABCDGIRSTW]*\)[ ][ ]*_\([_A-Za-z][_A-Za-z0-9]*\)$/\1 _\2 \2/p' | /usr/local/bin/gsed '/ __gnu_lto/d' \> conftest.nm
configure:7878: $? = 0
configure:7944: gcc -o conftest -O2 -Winline -Wmissing-include-dirs -Wnested-externs -Wpointer-arith -Wredundant-decls -Wswitch-enum   conftest.c conftstm.o >&5
configure:7947: $? = 0
configure:7985: result: ok
configure:8032: checking for sysroot
configure:8063: result: no
configure:8070: checking for a working dd
configure:8114: result: /bin/dd
configure:8118: checking how to truncate binary pipes
configure:8134: result: /bin/dd bs=4096 count=1
configure:8471: checking for mt
configure:8506: result: no
configure:8526: checking if : is a manifest tool
configure:8533: : '-?'
configure:8541: result: no
configure:8602: checking for dsymutil
configure:8623: found /usr/bin/dsymutil
configure:8634: result: dsymutil
configure:8704: checking for nmedit
configure:8725: found /usr/bin/nmedit
configure:8736: result: nmedit
configure:8806: checking for lipo
configure:8827: found /usr/bin/lipo
configure:8838: result: lipo
configure:8908: checking for otool
configure:8929: found /usr/bin/otool
configure:8940: result: otool
configure:9010: checking for otool64
configure:9045: result: no
configure:9090: checking for -single_module linker flag
gcc -O2 -Winline -Wmissing-include-dirs -Wnested-externs -Wpointer-arith -Wredundant-decls -Wswitch-enum  -o libconftest.dylib -dynamiclib -Wl,-single_module conftest.c
configure:9124: result: yes
configure:9127: checking for -exported_symbols_list linker flag
configure:9148: gcc -o conftest -O2 -Winline -Wmissing-include-dirs -Wnested-externs -Wpointer-arith -Wredundant-decls -Wswitch-enum   -Wl,-exported_symbols_list,conftest.sym conftest.c  >&5
configure:9148: $? = 0
configure:9159: result: yes
configure:9162: checking for -force_load linker flag
gcc -O2 -Winline -Wmissing-include-dirs -Wnested-externs -Wpointer-arith -Wredundant-decls -Wswitch-enum -c -o conftest.o conftest.c
ar cr libconftest.a conftest.o
ranlib libconftest.a
gcc -O2 -Winline -Wmissing-include-dirs -Wnested-externs -Wpointer-arith -Wredundant-decls -Wswitch-enum  -o conftest conftest.c -Wl,-force_load,./libconftest.a
configure:9195: result: yes
configure:9266: checking for stdio.h
configure:9266: gcc -c -O2 -Winline -Wmissing-include-dirs -Wnested-externs -Wpointer-arith -Wredundant-decls -Wswitch-enum  conftest.c >&5
configure:9266: $? = 0
configure:9266: result: yes
configure:9266: checking for stdlib.h
configure:9266: gcc -c -O2 -Winline -Wmissing-include-dirs -Wnested-externs -Wpointer-arith -Wredundant-decls -Wswitch-enum  conftest.c >&5
configure:9266: $? = 0
configure:9266: result: yes
configure:9266: checking for string.h
configure:9266: gcc -c -O2 -Winline -Wmissing-include-dirs -Wnested-externs -Wpointer-arith -Wredundant-decls -Wswitch-enum  conftest.c >&5
configure:9266: $? = 0
configure:9266: result: yes
configure:9266: checking for inttypes.h
configure:9266: gcc -c -O2 -Winline -Wmissing-include-dirs -Wnested-externs -Wpointer-arith -Wredundant-decls -Wswitch-enum  conftest.c >&5
configure:9266: $? = 0
configure:9266: result: yes
configure:9266: checking for stdint.h
configure:9266: gcc -c -O2 -Winline -Wmissing-include-dirs -Wnested-externs -Wpointer-arith -Wredundant-decls -Wswitch-enum  conftest.c >&5
configure:9266: $? = 0
configure:9266: result: yes
configure:9266: checking for strings.h
configure:9266: gcc -c -O2 -Winline -Wmissing-include-dirs -Wnested-externs -Wpointer-arith -Wredundant-decls -Wswitch-enum  conftest.c >&5
configure:9266: $? = 0
configure:9266: result: yes
configure:9266: checking for sys/stat.h
configure:9266: gcc -c -O2 -Winline -Wmissing-include-dirs -Wnested-externs -Wpointer-arith -Wredundant-decls -Wswitch-enum  conftest.c >&5
configure:9266: $? = 0
configure:9266: result: yes
configure:9266: checking for sys/types.h
configure:9266: gcc -c -O2 -Winline -Wmissing-include-dirs -Wnested-externs -Wpointer-arith -Wredundant-decls -Wswitch-enum  conftest.c >&5
configure:9266: $? = 0
configure:9266: result: yes
configure:9266: checking for unistd.h
configure:9266: gcc -c -O2 -Winline -Wmissing-include-dirs -Wnested-externs -Wpointer-arith -Wredundant-decls -Wswitch-enum  conftest.c >&5
configure:9266: $? = 0
configure:9266: result: yes
configure:9291: checking for dlfcn.h
configure:9291: gcc -c -O2 -Winline -Wmissing-include-dirs -Wnested-externs -Wpointer-arith -Wredundant-decls -Wswitch-enum  conftest.c >&5
configure:9291: $? = 0
configure:9291: result: yes
configure:9561: checking for objdir
configure:9577: result: .libs
configure:9841: checking if gcc supports -fno-rtti -fno-exceptions
configure:9860: gcc -c -O2 -Winline -Wmissing-include-dirs -Wnested-externs -Wpointer-arith -Wredundant-decls -Wswitch-enum  -fno-rtti -fno-exceptions conftest.c >&5
configure:9864: $? = 0
configure:9877: result: yes
configure:10235: checking for gcc option to produce PIC
configure:10243: result: -fno-common -DPIC
configure:10251: checking if gcc PIC flag -fno-common -DPIC works
configure:10270: gcc -c -O2 -Winline -Wmissing-include-dirs -Wnested-externs -Wpointer-arith -Wredundant-decls -Wswitch-enum  -fno-common -DPIC -DPIC conftest.c >&5
configure:10274: $? = 0
configure:10287: result: yes
configure:10316: checking if gcc static flag -static works
configure:10345: result: no
configure:10360: checking if gcc supports -c -o file.o
configure:10382: gcc -c -O2 -Winline -Wmissing-include-dirs -Wnested-externs -Wpointer-arith -Wredundant-decls -Wswitch-enum  -o out/conftest2.o conftest.c >&5
configure:10386: $? = 0
configure:10408: result: yes
configure:10416: checking if gcc supports -c -o file.o
configure:10464: result: yes
configure:10497: checking whether the gcc linker (/Applications/Xcode.app/Contents/Developer/Toolchains/XcodeDefault.xctoolchain/usr/bin/ld) supports shared libraries
configure:11765: result: yes
configure:12006: checking dynamic linker characteristics
configure:12827: result: darwin21.6.0 dyld
configure:12949: checking how to hardcode library paths into programs
configure:12974: result: immediate
configure:13526: checking whether stripping libraries is possible
configure:13543: result: yes
configure:13577: checking if libtool supports shared libraries
configure:13579: result: yes
configure:13582: checking whether to build shared libraries
configure:13607: result: yes
configure:13610: checking whether to build static libraries
configure:13614: result: yes
configure:13637: checking how to run the C++ preprocessor
configure:13659: g++ -E  conftest.cpp
configure:13659: $? = 0
configure:13674: g++ -E  conftest.cpp
conftest.cpp:23:10: fatal error: 'ac_nonexistent.h' file not found
#include <ac_nonexistent.h>
         ^~~~~~~~~~~~~~~~~~
1 error generated.
configure:13674: $? = 1
configure: failed program was:
| /* confdefs.h */
| #define PACKAGE_NAME "libusb-1.0"
| #define PACKAGE_TARNAME "libusb-1.0"
| #define PACKAGE_VERSION "1.0.26"
| #define PACKAGE_STRING "libusb-1.0 1.0.26"
| #define PACKAGE_BUGREPORT "libusb-devel@lists.sourceforge.net"
| #define PACKAGE_URL "http://libusb.info"
| #define PACKAGE "libusb-1.0"
| #define VERSION "1.0.26"
| #define HAVE_STDIO_H 1
| #define HAVE_STDLIB_H 1
| #define HAVE_STRING_H 1
| #define HAVE_INTTYPES_H 1
| #define HAVE_STDINT_H 1
| #define HAVE_STRINGS_H 1
| #define HAVE_SYS_STAT_H 1
| #define HAVE_SYS_TYPES_H 1
| #define HAVE_UNISTD_H 1
| #define STDC_HEADERS 1
| #define HAVE_DLFCN_H 1
| #define LT_OBJDIR ".libs/"
| /* end confdefs.h.  */
| #include <ac_nonexistent.h>
configure:13701: result: g++ -E
configure:13715: g++ -E  conftest.cpp
configure:13715: $? = 0
configure:13730: g++ -E  conftest.cpp
conftest.cpp:23:10: fatal error: 'ac_nonexistent.h' file not found
#include <ac_nonexistent.h>
         ^~~~~~~~~~~~~~~~~~
1 error generated.
configure:13730: $? = 1
configure: failed program was:
| /* confdefs.h */
| #define PACKAGE_NAME "libusb-1.0"
| #define PACKAGE_TARNAME "libusb-1.0"
| #define PACKAGE_VERSION "1.0.26"
| #define PACKAGE_STRING "libusb-1.0 1.0.26"
| #define PACKAGE_BUGREPORT "libusb-devel@lists.sourceforge.net"
| #define PACKAGE_URL "http://libusb.info"
| #define PACKAGE "libusb-1.0"
| #define VERSION "1.0.26"
| #define HAVE_STDIO_H 1
| #define HAVE_STDLIB_H 1
| #define HAVE_STRING_H 1
| #define HAVE_INTTYPES_H 1
| #define HAVE_STDINT_H 1
| #define HAVE_STRINGS_H 1
| #define HAVE_SYS_STAT_H 1
| #define HAVE_SYS_TYPES_H 1
| #define HAVE_UNISTD_H 1
| #define STDC_HEADERS 1
| #define HAVE_DLFCN_H 1
| #define LT_OBJDIR ".libs/"
| /* end confdefs.h.  */
| #include <ac_nonexistent.h>
configure:13895: checking for ld used by g++
configure:13963: result: /Applications/Xcode.app/Contents/Developer/Toolchains/XcodeDefault.xctoolchain/usr/bin/ld
configure:13970: checking if the linker (/Applications/Xcode.app/Contents/Developer/Toolchains/XcodeDefault.xctoolchain/usr/bin/ld) is GNU ld
configure:13986: result: no
configure:14041: checking whether the g++ linker (/Applications/Xcode.app/Contents/Developer/Toolchains/XcodeDefault.xctoolchain/usr/bin/ld) supports shared libraries
configure:15119: result: yes
configure:15155: g++ -c -g -O2  conftest.cpp >&5
configure:15158: $? = 0
configure:15639: checking for g++ option to produce PIC
configure:15647: result: -fno-common -DPIC
configure:15655: checking if g++ PIC flag -fno-common -DPIC works
configure:15674: g++ -c -g -O2  -fno-common -DPIC -DPIC conftest.cpp >&5
configure:15678: $? = 0
configure:15691: result: yes
configure:15714: checking if g++ static flag -static works
configure:15743: result: no
configure:15755: checking if g++ supports -c -o file.o
configure:15777: g++ -c -g -O2  -o out/conftest2.o conftest.cpp >&5
configure:15781: $? = 0
configure:15803: result: yes
configure:15808: checking if g++ supports -c -o file.o
configure:15856: result: yes
configure:15886: checking whether the g++ linker (/Applications/Xcode.app/Contents/Developer/Toolchains/XcodeDefault.xctoolchain/usr/bin/ld) supports shared libraries
configure:15926: result: yes
configure:16068: checking dynamic linker characteristics
configure:16816: result: darwin21.6.0 dyld
configure:16881: checking how to hardcode library paths into programs
configure:16906: result: immediate
configure:17015: checking for windres
configure:17050: result: no
configure:17165: checking whether make supports nested variables
configure:17183: result: yes
configure:17200: checking if gcc supports -std=gnu11
configure:17213: gcc -c -std=gnu11  conftest.c >&5
configure:17213: $? = 0
configure:17215: result: yes
configure:17265: checking operating system
configure:17269: result: Darwin/Mac OS X
configure:17345: checking for nfds_t
configure:17345: gcc -c -O2 -Winline -Wmissing-include-dirs -Wnested-externs -Wpointer-arith -Wredundant-decls -Wswitch-enum  conftest.c >&5
configure:17345: $? = 0
configure:17345: gcc -c -O2 -Winline -Wmissing-include-dirs -Wnested-externs -Wpointer-arith -Wredundant-decls -Wswitch-enum  conftest.c >&5
conftest.c:32:21: error: expected expression
if (sizeof ((nfds_t)))
                    ^
1 error generated.
configure:17345: $? = 1
configure: failed program was:
| /* confdefs.h */
| #define PACKAGE_NAME "libusb-1.0"
| #define PACKAGE_TARNAME "libusb-1.0"
| #define PACKAGE_VERSION "1.0.26"
| #define PACKAGE_STRING "libusb-1.0 1.0.26"
| #define PACKAGE_BUGREPORT "libusb-devel@lists.sourceforge.net"
| #define PACKAGE_URL "http://libusb.info"
| #define PACKAGE "libusb-1.0"
| #define VERSION "1.0.26"
| #define HAVE_STDIO_H 1
| #define HAVE_STDLIB_H 1
| #define HAVE_STRING_H 1
| #define HAVE_INTTYPES_H 1
| #define HAVE_STDINT_H 1
| #define HAVE_STRINGS_H 1
| #define HAVE_SYS_STAT_H 1
| #define HAVE_SYS_TYPES_H 1
| #define HAVE_UNISTD_H 1
| #define STDC_HEADERS 1
| #define HAVE_DLFCN_H 1
| #define LT_OBJDIR ".libs/"
| #define _GNU_SOURCE 1
| #define DEFAULT_VISIBILITY __attribute__ ((visibility ("default")))
| #define PRINTF_FORMAT(a, b) __attribute__ ((__format__ (__printf__, a, b)))
| #define PLATFORM_POSIX 1
| /* end confdefs.h.  */
| #include <poll.h>
| 
| int
| main (void)
| {
| if (sizeof ((nfds_t)))
| 	    return 0;
|   ;
|   return 0;
| }
configure:17345: result: yes
configure:17355: checking for pipe2
configure:17355: gcc -o conftest -O2 -Winline -Wmissing-include-dirs -Wnested-externs -Wpointer-arith -Wredundant-decls -Wswitch-enum   conftest.c  >&5
Undefined symbols for architecture x86_64:
  "_pipe2", referenced from:
      _main in conftest-3f95a8.o
ld: symbol(s) not found for architecture x86_64
clang: error: linker command failed with exit code 1 (use -v to see invocation)
configure:17355: $? = 1
configure: failed program was:
| /* confdefs.h */
| #define PACKAGE_NAME "libusb-1.0"
| #define PACKAGE_TARNAME "libusb-1.0"
| #define PACKAGE_VERSION "1.0.26"
| #define PACKAGE_STRING "libusb-1.0 1.0.26"
| #define PACKAGE_BUGREPORT "libusb-devel@lists.sourceforge.net"
| #define PACKAGE_URL "http://libusb.info"
| #define PACKAGE "libusb-1.0"
| #define VERSION "1.0.26"
| #define HAVE_STDIO_H 1
| #define HAVE_STDLIB_H 1
| #define HAVE_STRING_H 1
| #define HAVE_INTTYPES_H 1
| #define HAVE_STDINT_H 1
| #define HAVE_STRINGS_H 1
| #define HAVE_SYS_STAT_H 1
| #define HAVE_SYS_TYPES_H 1
| #define HAVE_UNISTD_H 1
| #define STDC_HEADERS 1
| #define HAVE_DLFCN_H 1
| #define LT_OBJDIR ".libs/"
| #define _GNU_SOURCE 1
| #define DEFAULT_VISIBILITY __attribute__ ((visibility ("default")))
| #define PRINTF_FORMAT(a, b) __attribute__ ((__format__ (__printf__, a, b)))
| #define PLATFORM_POSIX 1
| #define HAVE_NFDS_T 1
| /* end confdefs.h.  */
| /* Define pipe2 to an innocuous variant, in case <limits.h> declares pipe2.
|    For example, HP-UX 11i <limits.h> declares gettimeofday.  */
| #define pipe2 innocuous_pipe2
| 
| /* System header to define __stub macros and hopefully few prototypes,
|    which can conflict with char pipe2 (); below.  */
| 
| #include <limits.h>
| #undef pipe2
| 
| /* Override any GCC internal prototype to avoid an error.
|    Use char because int might match the return type of a GCC
|    builtin and then its argument prototype would still apply.  */
| #ifdef __cplusplus
| extern "C"
| #endif
| char pipe2 ();
| /* The GNU C library defines this for functions which it implements
|     to always fail with ENOSYS.  Some functions are actually named
|     something starting with __ and the normal name is an alias.  */
| #if defined __stub_pipe2 || defined __stub___pipe2
| choke me
| #endif
| 
| int
| main (void)
| {
| return pipe2 ();
|   ;
|   return 0;
| }
configure:17355: result: no
configure:17364: checking if gcc recognizes -pthread
configure:17377: gcc -c -Wall -Werror -pthread  conftest.c >&5
configure:17377: $? = 0
configure:17379: result: yes
configure:17389: checking for library containing pthread_create
configure:17419: gcc -o conftest -O2 -Winline -Wmissing-include-dirs -Wnested-externs -Wpointer-arith -Wredundant-decls -Wswitch-enum   conftest.c  >&5
configure:17419: $? = 0
configure:17439: result: none required
configure:17449: checking for library containing __atomic_fetch_add_4
configure:17479: gcc -o conftest -O2 -Winline -Wmissing-include-dirs -Wnested-externs -Wpointer-arith -Wredundant-decls -Wswitch-enum   conftest.c  >&5
configure:17479: $? = 0
configure:17499: result: none required
configure:17518: checking for pthread_threadid_np
configure:17518: gcc -o conftest -O2 -Winline -Wmissing-include-dirs -Wnested-externs -Wpointer-arith -Wredundant-decls -Wswitch-enum   conftest.c  >&5
configure:17518: $? = 0
configure:17518: result: yes
configure:17526: checking for IOKit/usb/IOUSBHostFamilyDefinitions.h
configure:17526: gcc -c -O2 -Winline -Wmissing-include-dirs -Wnested-externs -Wpointer-arith -Wredundant-decls -Wswitch-enum  conftest.c >&5
configure:17526: $? = 0
configure:17526: result: yes
configure:17996: checking for sys/time.h
configure:17996: gcc -c -O2 -Winline -Wmissing-include-dirs -Wnested-externs -Wpointer-arith -Wredundant-decls -Wswitch-enum  conftest.c >&5
configure:17996: $? = 0
configure:17996: result: yes
configure:18006: checking whether OS X target version is 10.12 or later
configure:18024: gcc -c -O2 -Winline -Wmissing-include-dirs -Wnested-externs -Wpointer-arith -Wredundant-decls -Wswitch-enum  conftest.c >&5
configure:18024: $? = 0
configure:18026: result: yes
configure:18039: checking for clock_gettime
configure:18039: gcc -o conftest -O2 -Winline -Wmissing-include-dirs -Wnested-externs -Wpointer-arith -Wredundant-decls -Wswitch-enum   conftest.c  -lobjc -Wl,-framework,IOKit -Wl,-framework,CoreFoundation -Wl,-framework,Security >&5
configure:18039: $? = 0
configure:18039: result: yes
configure:18070: checking for gcc options needed to detect all undeclared functions
configure:18092: gcc -c -O2 -Winline -Wmissing-include-dirs -Wnested-externs -Wpointer-arith -Wredundant-decls -Wswitch-enum   conftest.c >&5
conftest.c:36:8: error: implicitly declaring library function 'strchr' with type 'char *(const char *, int)' [-Werror,-Wimplicit-function-declaration]
(void) strchr;
       ^
conftest.c:36:8: note: include the header <string.h> or explicitly provide a declaration for 'strchr'
1 error generated.
configure:18092: $? = 1
configure: failed program was:
| /* confdefs.h */
| #define PACKAGE_NAME "libusb-1.0"
| #define PACKAGE_TARNAME "libusb-1.0"
| #define PACKAGE_VERSION "1.0.26"
| #define PACKAGE_STRING "libusb-1.0 1.0.26"
| #define PACKAGE_BUGREPORT "libusb-devel@lists.sourceforge.net"
| #define PACKAGE_URL "http://libusb.info"
| #define PACKAGE "libusb-1.0"
| #define VERSION "1.0.26"
| #define HAVE_STDIO_H 1
| #define HAVE_STDLIB_H 1
| #define HAVE_STRING_H 1
| #define HAVE_INTTYPES_H 1
| #define HAVE_STDINT_H 1
| #define HAVE_STRINGS_H 1
| #define HAVE_SYS_STAT_H 1
| #define HAVE_SYS_TYPES_H 1
| #define HAVE_UNISTD_H 1
| #define STDC_HEADERS 1
| #define HAVE_DLFCN_H 1
| #define LT_OBJDIR ".libs/"
| #define _GNU_SOURCE 1
| #define DEFAULT_VISIBILITY __attribute__ ((visibility ("default")))
| #define PRINTF_FORMAT(a, b) __attribute__ ((__format__ (__printf__, a, b)))
| #define PLATFORM_POSIX 1
| #define HAVE_NFDS_T 1
| #define HAVE_PTHREAD_THREADID_NP 1
| #define HAVE_IOKIT_USB_IOUSBHOSTFAMILYDEFINITIONS_H 1
| #define HAVE_SYS_TIME_H 1
| #define HAVE_CLOCK_GETTIME 1
| /* end confdefs.h.  */
| 
| int
| main (void)
| {
| (void) strchr;
|   ;
|   return 0;
| }
configure:18119: gcc -c -O2 -Winline -Wmissing-include-dirs -Wnested-externs -Wpointer-arith -Wredundant-decls -Wswitch-enum   conftest.c >&5
configure:18119: $? = 0
configure:18136: result: none needed
configure:18150: checking whether CLOCK_MONOTONIC is declared
configure:18150: gcc -c -O2 -Winline -Wmissing-include-dirs -Wnested-externs -Wpointer-arith -Wredundant-decls -Wswitch-enum   conftest.c >&5
configure:18150: $? = 0
configure:18150: result: yes
configure:18161: checking for pthread_condattr_setclock
configure:18161: gcc -o conftest -O2 -Winline -Wmissing-include-dirs -Wnested-externs -Wpointer-arith -Wredundant-decls -Wswitch-enum   conftest.c  -lobjc -Wl,-framework,IOKit -Wl,-framework,CoreFoundation -Wl,-framework,Security >&5
Undefined symbols for architecture x86_64:
  "_pthread_condattr_setclock", referenced from:
      _main in conftest-42e7bc.o
ld: symbol(s) not found for architecture x86_64
clang: error: linker command failed with exit code 1 (use -v to see invocation)
configure:18161: $? = 1
configure: failed program was:
| /* confdefs.h */
| #define PACKAGE_NAME "libusb-1.0"
| #define PACKAGE_TARNAME "libusb-1.0"
| #define PACKAGE_VERSION "1.0.26"
| #define PACKAGE_STRING "libusb-1.0 1.0.26"
| #define PACKAGE_BUGREPORT "libusb-devel@lists.sourceforge.net"
| #define PACKAGE_URL "http://libusb.info"
| #define PACKAGE "libusb-1.0"
| #define VERSION "1.0.26"
| #define HAVE_STDIO_H 1
| #define HAVE_STDLIB_H 1
| #define HAVE_STRING_H 1
| #define HAVE_INTTYPES_H 1
| #define HAVE_STDINT_H 1
| #define HAVE_STRINGS_H 1
| #define HAVE_SYS_STAT_H 1
| #define HAVE_SYS_TYPES_H 1
| #define HAVE_UNISTD_H 1
| #define STDC_HEADERS 1
| #define HAVE_DLFCN_H 1
| #define LT_OBJDIR ".libs/"
| #define _GNU_SOURCE 1
| #define DEFAULT_VISIBILITY __attribute__ ((visibility ("default")))
| #define PRINTF_FORMAT(a, b) __attribute__ ((__format__ (__printf__, a, b)))
| #define PLATFORM_POSIX 1
| #define HAVE_NFDS_T 1
| #define HAVE_PTHREAD_THREADID_NP 1
| #define HAVE_IOKIT_USB_IOUSBHOSTFAMILYDEFINITIONS_H 1
| #define HAVE_SYS_TIME_H 1
| #define HAVE_CLOCK_GETTIME 1
| /* end confdefs.h.  */
| /* Define pthread_condattr_setclock to an innocuous variant, in case <limits.h> declares pthread_condattr_setclock.
|    For example, HP-UX 11i <limits.h> declares gettimeofday.  */
| #define pthread_condattr_setclock innocuous_pthread_condattr_setclock
| 
| /* System header to define __stub macros and hopefully few prototypes,
|    which can conflict with char pthread_condattr_setclock (); below.  */
| 
| #include <limits.h>
| #undef pthread_condattr_setclock
| 
| /* Override any GCC internal prototype to avoid an error.
|    Use char because int might match the return type of a GCC
|    builtin and then its argument prototype would still apply.  */
| #ifdef __cplusplus
| extern "C"
| #endif
| char pthread_condattr_setclock ();
| /* The GNU C library defines this for functions which it implements
|     to always fail with ENOSYS.  Some functions are actually named
|     something starting with __ and the normal name is an alias.  */
| #if defined __stub_pthread_condattr_setclock || defined __stub___pthread_condattr_setclock
| choke me
| #endif
| 
| int
| main (void)
| {
| return pthread_condattr_setclock ();
|   ;
|   return 0;
| }
configure:18161: result: no
configure:18172: checking whether CLOCK_REALTIME is declared
configure:18172: gcc -c -O2 -Winline -Wmissing-include-dirs -Wnested-externs -Wpointer-arith -Wredundant-decls -Wswitch-enum   conftest.c >&5
configure:18172: $? = 0
configure:18172: result: yes
configure:18725: checking that generated files are newer than configure
configure:18731: result: done
configure:18818: creating ./config.status

## ---------------------- ##
## Running config.status. ##
## ---------------------- ##

This file was extended by libusb-1.0 config.status 1.0.26, which was
generated by GNU Autoconf 2.71.  Invocation command line was

  CONFIG_FILES    = 
  CONFIG_HEADERS  = 
  CONFIG_LINKS    = 
  CONFIG_COMMANDS = 
  $ ./config.status 

on seroquel.local

config.status:1258: creating libusb-1.0.pc
config.status:1258: creating Makefile
config.status:1258: creating libusb/Makefile
config.status:1258: creating examples/Makefile
config.status:1258: creating tests/Makefile
config.status:1258: creating doc/Makefile
config.status:1258: creating doc/doxygen.cfg
config.status:1258: creating config.h
config.status:1487: executing depfiles commands
config.status:1564: cd libusb       && sed -e '/# am--include-marker/d' Makefile         | make -f - am--depfiles
config.status:1569: $? = 0
config.status:1564: cd examples       && sed -e '/# am--include-marker/d' Makefile         | make -f - am--depfiles
config.status:1569: $? = 0
config.status:1564: cd tests       && sed -e '/# am--include-marker/d' Makefile         | make -f - am--depfiles
config.status:1569: $? = 0
config.status:1487: executing libtool commands

## ---------------- ##
## Cache variables. ##
## ---------------- ##

ac_cv_build=x86_64-apple-darwin21.6.0
ac_cv_c_compiler_gnu=yes
ac_cv_c_inline=inline
ac_cv_c_undeclared_builtin_options='none needed'
ac_cv_cxx_compiler_gnu=yes
ac_cv_env_CCC_set=
ac_cv_env_CCC_value=
ac_cv_env_CC_set=
ac_cv_env_CC_value=
ac_cv_env_CFLAGS_set=set
ac_cv_env_CFLAGS_value='-O2 -Winline -Wmissing-include-dirs -Wnested-externs -Wpointer-arith -Wredundant-decls -Wswitch-enum'
ac_cv_env_CPPFLAGS_set=
ac_cv_env_CPPFLAGS_value=
ac_cv_env_CXXCPP_set=
ac_cv_env_CXXCPP_value=
ac_cv_env_CXXFLAGS_set=
ac_cv_env_CXXFLAGS_value=
ac_cv_env_CXX_set=
ac_cv_env_CXX_value=
ac_cv_env_LDFLAGS_set=
ac_cv_env_LDFLAGS_value=
ac_cv_env_LIBS_set=
ac_cv_env_LIBS_value=
ac_cv_env_LT_SYS_LIBRARY_PATH_set=
ac_cv_env_LT_SYS_LIBRARY_PATH_value=
ac_cv_env_PKG_CONFIG_LIBDIR_set=
ac_cv_env_PKG_CONFIG_LIBDIR_value=
ac_cv_env_PKG_CONFIG_PATH_set=set
ac_cv_env_PKG_CONFIG_PATH_value=/usr/local/opt/openssl/lib/pkgconfig/:/usr/local/opt/libffi/lib/pkgconfig/:
ac_cv_env_PKG_CONFIG_set=
ac_cv_env_PKG_CONFIG_value=
ac_cv_env_UMOCKDEV_CFLAGS_set=
ac_cv_env_UMOCKDEV_CFLAGS_value=
ac_cv_env_UMOCKDEV_HOTPLUG_CFLAGS_set=
ac_cv_env_UMOCKDEV_HOTPLUG_CFLAGS_value=
ac_cv_env_UMOCKDEV_HOTPLUG_LIBS_set=
ac_cv_env_UMOCKDEV_HOTPLUG_LIBS_value=
ac_cv_env_UMOCKDEV_LIBS_set=
ac_cv_env_UMOCKDEV_LIBS_value=
ac_cv_env_build_alias_set=
ac_cv_env_build_alias_value=
ac_cv_env_host_alias_set=
ac_cv_env_host_alias_value=
ac_cv_env_target_alias_set=
ac_cv_env_target_alias_value=
ac_cv_func_clock_gettime=yes
ac_cv_func_pipe2=no
ac_cv_func_pthread_condattr_setclock=no
ac_cv_func_pthread_threadid_np=yes
ac_cv_have_decl_CLOCK_MONOTONIC=yes
ac_cv_have_decl_CLOCK_REALTIME=yes
ac_cv_header_IOKit_usb_IOUSBHostFamilyDefinitions_h=yes
ac_cv_header_dlfcn_h=yes
ac_cv_header_inttypes_h=yes
ac_cv_header_stdint_h=yes
ac_cv_header_stdio_h=yes
ac_cv_header_stdlib_h=yes
ac_cv_header_string_h=yes
ac_cv_header_strings_h=yes
ac_cv_header_sys_stat_h=yes
ac_cv_header_sys_time_h=yes
ac_cv_header_sys_types_h=yes
ac_cv_header_unistd_h=yes
ac_cv_host=x86_64-apple-darwin21.6.0
ac_cv_objext=o
ac_cv_path_EGREP='/usr/local/bin/ggrep -E'
ac_cv_path_FGREP='/usr/local/bin/ggrep -F'
ac_cv_path_GREP=/usr/local/bin/ggrep
ac_cv_path_SED=/usr/local/bin/gsed
ac_cv_path_install='/usr/local/bin/ginstall -c'
ac_cv_path_lt_DD=/bin/dd
ac_cv_path_mkdir=/usr/local/bin/gmkdir
ac_cv_prog_AWK=awk
ac_cv_prog_CXXCPP='g++ -E'
ac_cv_prog_ac_ct_AR=ar
ac_cv_prog_ac_ct_CC=gcc
ac_cv_prog_ac_ct_CXX=g++
ac_cv_prog_ac_ct_DSYMUTIL=dsymutil
ac_cv_prog_ac_ct_FILECMD=file
ac_cv_prog_ac_ct_LIPO=lipo
ac_cv_prog_ac_ct_NMEDIT=nmedit
ac_cv_prog_ac_ct_OBJDUMP=objdump
ac_cv_prog_ac_ct_OTOOL=otool
ac_cv_prog_ac_ct_RANLIB=ranlib
ac_cv_prog_ac_ct_STRIP=strip
ac_cv_prog_cc_c11=
ac_cv_prog_cc_g=yes
ac_cv_prog_cc_stdc=
ac_cv_prog_cxx_11=no
ac_cv_prog_cxx_g=yes
ac_cv_prog_cxx_stdcxx=
ac_cv_prog_make_make_set=yes
ac_cv_search___atomic_fetch_add_4='none required'
ac_cv_search_pthread_create='none required'
ac_cv_type_nfds_t=yes
am_cv_CC_dependencies_compiler_type=gcc3
am_cv_CXX_dependencies_compiler_type=gcc3
am_cv_make_support_nested_variables=yes
am_cv_prog_cc_c_o=yes
lt_cv_apple_cc_single_mod=yes
lt_cv_ar_at_file=no
lt_cv_deplibs_check_method=pass_all
lt_cv_file_magic_cmd='$MAGIC_CMD'
lt_cv_file_magic_test_file=
lt_cv_ld_exported_symbols_list=yes
lt_cv_ld_force_load=yes
lt_cv_ld_reload_flag=-r
lt_cv_nm_interface='BSD nm'
lt_cv_objdir=.libs
lt_cv_path_LD=/Applications/Xcode.app/Contents/Developer/Toolchains/XcodeDefault.xctoolchain/usr/bin/ld
lt_cv_path_LDCXX=/Applications/Xcode.app/Contents/Developer/Toolchains/XcodeDefault.xctoolchain/usr/bin/ld
lt_cv_path_NM='/usr/bin/nm -B'
lt_cv_path_mainfest_tool=no
lt_cv_prog_compiler_c_o=yes
lt_cv_prog_compiler_c_o_CXX=yes
lt_cv_prog_compiler_c_o_RC=yes
lt_cv_prog_compiler_pic='-fno-common -DPIC'
lt_cv_prog_compiler_pic_CXX='-fno-common -DPIC'
lt_cv_prog_compiler_pic_works=yes
lt_cv_prog_compiler_pic_works_CXX=yes
lt_cv_prog_compiler_rtti_exceptions=yes
lt_cv_prog_compiler_static_works=no
lt_cv_prog_compiler_static_works_CXX=no
lt_cv_prog_gnu_ld=no
lt_cv_prog_gnu_ldcxx=no
lt_cv_sharedlib_from_linklib_cmd='printf %s\n'
lt_cv_sys_global_symbol_pipe='/usr/local/bin/gsed -n -e '\''s/^.*[	 ]\([ABCDGIRSTW][ABCDGIRSTW]*\)[	 ][	 ]*_\([_A-Za-z][_A-Za-z0-9]*\)$/\1 _\2 \2/p'\'' | /usr/local/bin/gsed '\''/ __gnu_lto/d'\'''
lt_cv_sys_global_symbol_to_c_name_address='/usr/local/bin/gsed -n -e '\''s/^: \(.*\) .*$/  {"\1", (void *) 0},/p'\'' -e '\''s/^[ABCDGIRSTW][ABCDGIRSTW]* .* \(.*\)$/  {"\1", (void *) \&\1},/p'\'''
lt_cv_sys_global_symbol_to_c_name_address_lib_prefix='/usr/local/bin/gsed -n -e '\''s/^: \(.*\) .*$/  {"\1", (void *) 0},/p'\'' -e '\''s/^[ABCDGIRSTW][ABCDGIRSTW]* .* \(lib.*\)$/  {"\1", (void *) \&\1},/p'\'' -e '\''s/^[ABCDGIRSTW][ABCDGIRSTW]* .* \(.*\)$/  {"lib\1", (void *) \&\1},/p'\'''
lt_cv_sys_global_symbol_to_cdecl='/usr/local/bin/gsed -n -e '\''s/^T .* \(.*\)$/extern int \1();/p'\'' -e '\''s/^[ABCDGIRSTW][ABCDGIRSTW]* .* \(.*\)$/extern char \1;/p'\'''
lt_cv_sys_global_symbol_to_import=
lt_cv_sys_max_cmd_len=786432
lt_cv_to_host_file_cmd=func_convert_file_noop
lt_cv_to_tool_file_cmd=func_convert_file_noop
lt_cv_truncate_bin='/bin/dd bs=4096 count=1'

## ----------------- ##
## Output variables. ##
## ----------------- ##

ACLOCAL='${SHELL} '\''/Volumes/projects/libusb-package/src/libusb/missing'\'' aclocal-1.16'
AMDEPBACKSLASH='\'
AMDEP_FALSE='#'
AMDEP_TRUE=''
AMTAR='$${TAR-tar}'
AM_BACKSLASH='\'
AM_CFLAGS='-std=gnu11  -Wall -Wextra -Wshadow -Wunused -Wwrite-strings -Werror=format-security -Werror=implicit-function-declaration -Werror=implicit-int -Werror=init-self -Werror=missing-prototypes -Werror=strict-prototypes -Werror=undef -Werror=uninitialized'
AM_CPPFLAGS=''
AM_CXXFLAGS='-std=gnu++11  -Wall -Wextra -Wshadow -Wunused -Wwrite-strings -Werror=format-security -Werror=implicit-function-declaration -Werror=implicit-int -Werror=init-self -Werror=missing-prototypes -Werror=strict-prototypes -Werror=undef -Werror=uninitialized -Wmissing-declarations'
AM_DEFAULT_V='$(AM_DEFAULT_VERBOSITY)'
AM_DEFAULT_VERBOSITY='0'
AM_V='$(V)'
AR='ar'
AUTOCONF='${SHELL} '\''/Volumes/projects/libusb-package/src/libusb/missing'\'' autoconf'
AUTOHEADER='${SHELL} '\''/Volumes/projects/libusb-package/src/libusb/missing'\'' autoheader'
AUTOMAKE='${SHELL} '\''/Volumes/projects/libusb-package/src/libusb/missing'\'' automake-1.16'
AWK='awk'
BUILD_EXAMPLES_FALSE=''
BUILD_EXAMPLES_TRUE='#'
BUILD_TESTS_FALSE=''
BUILD_TESTS_TRUE='#'
BUILD_UMOCKDEV_TEST_FALSE=''
BUILD_UMOCKDEV_TEST_TRUE='#'
CC='gcc'
CCDEPMODE='depmode=gcc3'
CFLAGS='-O2 -Winline -Wmissing-include-dirs -Wnested-externs -Wpointer-arith -Wredundant-decls -Wswitch-enum'
CPPFLAGS=''
CREATE_IMPORT_LIB_FALSE=''
CREATE_IMPORT_LIB_TRUE='#'
CSCOPE='cscope'
CTAGS='ctags'
CXX='g++'
CXXCPP='g++ -E'
CXXDEPMODE='depmode=gcc3'
CXXFLAGS='-g -O2'
CYGPATH_W='echo'
DEFS='-DHAVE_CONFIG_H'
DEPDIR='.deps'
DLLTOOL='false'
DOXYGEN_HTMLDIR='api-1.0'
DSYMUTIL='dsymutil'
DUMPBIN=''
ECHO_C=''
ECHO_N='-n'
ECHO_T=''
EGREP='/usr/local/bin/ggrep -E'
ETAGS='etags'
EXEEXT=''
EXTRA_LDFLAGS=''
FGREP='/usr/local/bin/ggrep -F'
FILECMD='file'
GREP='/usr/local/bin/ggrep'
INSTALL_DATA='${INSTALL} -m 644'
INSTALL_PROGRAM='${INSTALL}'
INSTALL_SCRIPT='${INSTALL}'
INSTALL_STRIP_PROGRAM='$(install_sh) -c -s'
LD='/Applications/Xcode.app/Contents/Developer/Toolchains/XcodeDefault.xctoolchain/usr/bin/ld'
LDFLAGS=''
LIBOBJS=''
LIBS=' -lobjc -Wl,-framework,IOKit -Wl,-framework,CoreFoundation -Wl,-framework,Security'
LIBTOOL='$(SHELL) $(top_builddir)/libtool'
LIPO='lipo'
LN_S='ln -s'
LTLIBOBJS=''
LT_LDFLAGS='-version-info 3:0:3 -no-undefined'
LT_SYS_LIBRARY_PATH=''
MAKEINFO='${SHELL} '\''/Volumes/projects/libusb-package/src/libusb/missing'\'' makeinfo'
MANIFEST_TOOL=':'
MKDIR_P='/usr/local/bin/gmkdir -p'
NM='/usr/bin/nm -B'
NMEDIT='nmedit'
OBJDUMP='objdump'
OBJEXT='o'
OS_DARWIN_FALSE='#'
OS_DARWIN_TRUE=''
OS_HAIKU_FALSE=''
OS_HAIKU_TRUE='#'
OS_LINUX_FALSE=''
OS_LINUX_TRUE='#'
OS_NETBSD_FALSE=''
OS_NETBSD_TRUE='#'
OS_NULL_FALSE=''
OS_NULL_TRUE='#'
OS_OPENBSD_FALSE=''
OS_OPENBSD_TRUE='#'
OS_SUNOS_FALSE=''
OS_SUNOS_TRUE='#'
OS_WINDOWS_FALSE=''
OS_WINDOWS_TRUE='#'
OTOOL64=':'
OTOOL='otool'
PACKAGE='libusb-1.0'
PACKAGE_BUGREPORT='libusb-devel@lists.sourceforge.net'
PACKAGE_NAME='libusb-1.0'
PACKAGE_STRING='libusb-1.0 1.0.26'
PACKAGE_TARNAME='libusb-1.0'
PACKAGE_URL='http://libusb.info'
PACKAGE_VERSION='1.0.26'
PATH_SEPARATOR=':'
PKG_CONFIG=''
PKG_CONFIG_LIBDIR=''
PKG_CONFIG_PATH='/usr/local/opt/openssl/lib/pkgconfig/:/usr/local/opt/libffi/lib/pkgconfig/:'
PLATFORM_POSIX_FALSE='#'
PLATFORM_POSIX_TRUE=''
PLATFORM_WINDOWS_FALSE=''
PLATFORM_WINDOWS_TRUE='#'
RANLIB='ranlib'
RC=''
SED='/usr/local/bin/gsed'
SET_MAKE=''
SHELL='/bin/sh'
STRIP='strip'
THREAD_CFLAGS='-pthread'
THREAD_LIBS=''
UMOCKDEV_CFLAGS=''
UMOCKDEV_HOTPLUG_CFLAGS=''
UMOCKDEV_HOTPLUG_LIBS=''
UMOCKDEV_LIBS=''
USE_UDEV_FALSE=''
USE_UDEV_TRUE='#'
VERSION='1.0.26'
ac_ct_AR='ar'
ac_ct_CC='gcc'
ac_ct_CXX='g++'
ac_ct_DUMPBIN=''
am__EXEEXT_FALSE=''
am__EXEEXT_TRUE='#'
am__fastdepCC_FALSE='#'
am__fastdepCC_TRUE=''
am__fastdepCXX_FALSE='#'
am__fastdepCXX_TRUE=''
am__include='include'
am__isrc=''
am__leading_dot='.'
am__nodep='_no'
am__quote=''
am__tar='$${TAR-tar} chof - "$$tardir"'
am__untar='$${TAR-tar} xf -'
bindir='${exec_prefix}/bin'
build='x86_64-apple-darwin21.6.0'
build_alias=''
build_cpu='x86_64'
build_os='darwin21.6.0'
build_vendor='apple'
datadir='${datarootdir}'
datarootdir='${prefix}/share'
docdir='${datarootdir}/doc/${PACKAGE_TARNAME}'
dvidir='${docdir}'
exec_prefix='${prefix}'
host='x86_64-apple-darwin21.6.0'
host_alias=''
host_cpu='x86_64'
host_os='darwin21.6.0'
host_vendor='apple'
htmldir='${docdir}'
includedir='${prefix}/include'
infodir='${datarootdir}/info'
install_sh='${SHELL} /Volumes/projects/libusb-package/src/libusb/install-sh'
libdir='${exec_prefix}/lib'
libexecdir='${exec_prefix}/libexec'
localedir='${datarootdir}/locale'
localstatedir='${prefix}/var'
mandir='${datarootdir}/man'
mkdir_p='$(MKDIR_P)'
oldincludedir='/usr/include'
pdfdir='${docdir}'
prefix='/usr/local'
program_transform_name='s,x,x,'
psdir='${docdir}'
runstatedir='${localstatedir}/run'
sbindir='${exec_prefix}/sbin'
sharedstatedir='${prefix}/com'
sysconfdir='${prefix}/etc'
target_alias=''

## ----------- ##
## confdefs.h. ##
## ----------- ##

/* confdefs.h */
#define PACKAGE_NAME "libusb-1.0"
#define PACKAGE_TARNAME "libusb-1.0"
#define PACKAGE_VERSION "1.0.26"
#define PACKAGE_STRING "libusb-1.0 1.0.26"
#define PACKAGE_BUGREPORT "libusb-devel@lists.sourceforge.net"
#define PACKAGE_URL "http://libusb.info"
#define PACKAGE "libusb-1.0"
#define VERSION "1.0.26"
#define HAVE_STDIO_H 1
#define HAVE_STDLIB_H 1
#define HAVE_STRING_H 1
#define HAVE_INTTYPES_H 1
#define HAVE_STDINT_H 1
#define HAVE_STRINGS_H 1
#define HAVE_SYS_STAT_H 1
#define HAVE_SYS_TYPES_H 1
#define HAVE_UNISTD_H 1
#define STDC_HEADERS 1
#define HAVE_DLFCN_H 1
#define LT_OBJDIR ".libs/"
#define _GNU_SOURCE 1
#define DEFAULT_VISIBILITY __attribute__ ((visibility ("default")))
#define PRINTF_FORMAT(a, b) __attribute__ ((__format__ (__printf__, a, b)))
#define PLATFORM_POSIX 1
#define HAVE_NFDS_T 1
#define HAVE_PTHREAD_THREADID_NP 1
#define HAVE_IOKIT_USB_IOUSBHOSTFAMILYDEFINITIONS_H 1
#define HAVE_SYS_TIME_H 1
#define HAVE_CLOCK_GETTIME 1
#define ENABLE_LOGGING 1

configure: exit 0
